<?xml version="1.0" encoding="UTF-8"?>
<!-- Generated by org.testng.reporters.JUnitXMLReporter -->
<testsuite hostname="DESKTOP-5GI7F6N" ignored="0" name="Bank Application" tests="8" failures="3" timestamp="2022-01-30T12:40:52 BDT" time="94.891" errors="0">
  <testcase name="loginTest" time="2.778" classname="com.guruBank.testCases.TC_LoginTest_001"/>
  <testcase name="loginDDT" time="6.82" classname="com.guruBank.testCases.TC_LoginTest_002_UsingExcel">
    <failure type="java.lang.AssertionError">
      <![CDATA[java.lang.AssertionError
at org.junit.Assert.fail(Assert.java:87)
at org.junit.Assert.assertTrue(Assert.java:42)
at org.junit.Assert.assertTrue(Assert.java:53)
at com.guruBank.testCases.TC_LoginTest_002_UsingExcel.loginDDT(TC_LoginTest_002_UsingExcel.java:36)
at java.util.ArrayList.forEach(ArrayList.java:1259)
... Removed 27 stack frames]]>
    </failure>
  </testcase> <!-- loginDDT -->
  <testcase name="loginDDT" time="10.319" classname="com.guruBank.testCases.TC_LoginTest_002_UsingExcel"/>
  <testcase name="loginDDT" time="5.577" classname="com.guruBank.testCases.TC_LoginTest_002_UsingExcel">
    <failure type="java.lang.AssertionError">
      <![CDATA[java.lang.AssertionError
at org.junit.Assert.fail(Assert.java:87)
at org.junit.Assert.assertTrue(Assert.java:42)
at org.junit.Assert.assertTrue(Assert.java:53)
at com.guruBank.testCases.TC_LoginTest_002_UsingExcel.loginDDT(TC_LoginTest_002_UsingExcel.java:36)
at java.util.ArrayList.forEach(ArrayList.java:1259)
... Removed 27 stack frames]]>
    </failure>
  </testcase> <!-- loginDDT -->
  <testcase name="loginDDT" time="5.087" classname="com.guruBank.testCases.TC_LoginTest_002_UsingExcel">
    <failure type="java.lang.AssertionError">
      <![CDATA[java.lang.AssertionError
at org.junit.Assert.fail(Assert.java:87)
at org.junit.Assert.assertTrue(Assert.java:42)
at org.junit.Assert.assertTrue(Assert.java:53)
at com.guruBank.testCases.TC_LoginTest_002_UsingExcel.loginDDT(TC_LoginTest_002_UsingExcel.java:36)
at java.util.ArrayList.forEach(ArrayList.java:1259)
... Removed 27 stack frames]]>
    </failure>
  </testcase> <!-- loginDDT -->
  <testcase name="loginDDT" time="10.203" classname="com.guruBank.testCases.TC_LoginTest_002_UsingExcel"/>
  <testcase name="addNewCustomer" time="11.185" classname="com.guruBank.testCases.TC_AddCustomer_003"/>
  <testcase name="editCoustomer" time="11.35" classname="com.guruBank.testCases.TC_EditCoustomer_004"/>
</testsuite> <!-- Bank Application -->
