<?xml version="1.0" encoding="UTF-8"?>
<testsuite xmlns:xsi="http://www.w3.org/2001/XMLSchema-instance" xsi:noNamespaceSchemaLocation="https://maven.apache.org/surefire/maven-surefire-plugin/xsd/surefire-test-report-3.0.xsd" version="3.0" name="TestSuite" time="87.726" tests="8" errors="0" skipped="0" failures="4">
  <properties>
[...]
</properties>
  <testcase name="loginTest" classname="com.guruBank.testCases.TC_LoginTest_001" time="1.389">
    <system-out><![CDATA[ INFO [main] (TC_LoginTest_001.java:20)- Url is Open
 INFO [main] (TC_LoginTest_001.java:24)- Enter User Id
 INFO [main] (TC_LoginTest_001.java:27)- Enter Password
 INFO [main] (TC_LoginTest_001.java:30)- Click Login Button
Screenshots Taken !
 INFO [main] (TC_LoginTest_001.java:35)- logged in successfully
]]></system-out>
    <system-err><![CDATA[SLF4J: Failed to load class "org.slf4j.impl.StaticLoggerBinder".
SLF4J: Defaulting to no-operation (NOP) logger implementation
SLF4J: See http://www.slf4j.org/codes.html#StaticLoggerBinder for further details.
log4j:WARN No appenders could be found for logger (io.netty.util.internal.logging.InternalLoggerFactory).
log4j:WARN Please initialize the log4j system properly.
log4j:WARN See http://logging.apache.org/log4j/1.2/faq.html#noconfig for more info.
Starting ChromeDriver 97.0.4692.71 (adefa7837d02a07a604c1e6eff0b3a09422ab88d-refs/branch-heads/4692@{#1247}) on port 63847
Only local connections are allowed.
Please see https://chromedriver.chromium.org/security-considerations for suggestions on keeping ChromeDriver safe.
ChromeDriver was started successfully.
Jan 30, 2022 12:42:30 PM org.openqa.selenium.remote.ProtocolHandshake createSession
INFO: Detected dialect: W3C
Jan 30, 2022 12:42:30 PM org.openqa.selenium.devtools.CdpVersionFinder findNearestMatch
WARNING: Unable to find an exact match for CDP version 97, so returning the closest version found: 96
Jan 30, 2022 12:42:30 PM org.openqa.selenium.devtools.CdpVersionFinder findNearestMatch
INFO: Found CDP implementation for version 97 of 96
]]></system-err>
  </testcase>
  <testcase name="loginDDT[mngr38261a, evaneza](1)" classname="com.guruBank.testCases.TC_LoginTest_002_UsingExcel" time="6.246">
    <failure type="java.lang.AssertionError"><![CDATA[java.lang.AssertionError
	at com.guruBank.testCases.TC_LoginTest_002_UsingExcel.loginDDT(TC_LoginTest_002_UsingExcel.java:36)
]]></failure>
    <system-out><![CDATA[ INFO [main] (TC_LoginTest_002_UsingExcel.java:28)- User name and password provided
]]></system-out>
    <system-err><![CDATA[Starting ChromeDriver 97.0.4692.71 (adefa7837d02a07a604c1e6eff0b3a09422ab88d-refs/branch-heads/4692@{#1247}) on port 58284
Only local connections are allowed.
Please see https://chromedriver.chromium.org/security-considerations for suggestions on keeping ChromeDriver safe.
ChromeDriver was started successfully.
Jan 30, 2022 12:42:38 PM org.openqa.selenium.remote.ProtocolHandshake createSession
INFO: Detected dialect: W3C
Jan 30, 2022 12:42:38 PM org.openqa.selenium.devtools.CdpVersionFinder findNearestMatch
WARNING: Unable to find an exact match for CDP version 97, so returning the closest version found: 96
Jan 30, 2022 12:42:38 PM org.openqa.selenium.devtools.CdpVersionFinder findNearestMatch
INFO: Found CDP implementation for version 97 of 96
]]></system-err>
  </testcase>
  <testcase name="loginDDT[mngr381950, AqAqyhE](2)" classname="com.guruBank.testCases.TC_LoginTest_002_UsingExcel" time="10.493">
    <system-out><![CDATA[ INFO [main] (TC_LoginTest_002_UsingExcel.java:28)- User name and password provided
 INFO [main] (TC_LoginTest_002_UsingExcel.java:46)- logged in successfully
]]></system-out>
  </testcase>
  <testcase name="loginDDT[mngr38195a, AqAqyhE](3)" classname="com.guruBank.testCases.TC_LoginTest_002_UsingExcel" time="4.896">
    <failure type="java.lang.AssertionError"><![CDATA[java.lang.AssertionError
	at com.guruBank.testCases.TC_LoginTest_002_UsingExcel.loginDDT(TC_LoginTest_002_UsingExcel.java:36)
]]></failure>
    <system-out><![CDATA[ INFO [main] (TC_LoginTest_002_UsingExcel.java:28)- User name and password provided
]]></system-out>
  </testcase>
  <testcase name="loginDDT[mngr381950, AqAqyh1](4)" classname="com.guruBank.testCases.TC_LoginTest_002_UsingExcel" time="5.772">
    <failure type="java.lang.AssertionError"><![CDATA[java.lang.AssertionError
	at com.guruBank.testCases.TC_LoginTest_002_UsingExcel.loginDDT(TC_LoginTest_002_UsingExcel.java:36)
]]></failure>
    <system-out><![CDATA[ INFO [main] (TC_LoginTest_002_UsingExcel.java:28)- User name and password provided
]]></system-out>
  </testcase>
  <testcase name="loginDDT[mngr382612, bebAsUr](5)" classname="com.guruBank.testCases.TC_LoginTest_002_UsingExcel" time="10.334">
    <system-out><![CDATA[ INFO [main] (TC_LoginTest_002_UsingExcel.java:28)- User name and password provided
 INFO [main] (TC_LoginTest_002_UsingExcel.java:46)- logged in successfully
]]></system-out>
  </testcase>
  <testcase name="addNewCustomer" classname="com.guruBank.testCases.TC_AddCustomer_003" time="10.446">
    <system-out><![CDATA[ INFO [main] (TC_AddCustomer_003.java:29)- Login Done
 INFO [main] (BaseClass.java:92)- Advertisement Not Found
Try add customer
 INFO [main] (TC_AddCustomer_003.java:49)- Provide all data
 INFO [main] (TC_AddCustomer_003.java:54)- New Costomer Id : 87243
New Costomer Id is: 87243
All Data Added
 INFO [main] (TC_AddCustomer_003.java:59)- validation started....
 INFO [main] (TC_AddCustomer_003.java:66)- test case passed....
]]></system-out>
    <system-err><![CDATA[Starting ChromeDriver 97.0.4692.71 (adefa7837d02a07a604c1e6eff0b3a09422ab88d-refs/branch-heads/4692@{#1247}) on port 59509
Only local connections are allowed.
Please see https://chromedriver.chromium.org/security-considerations for suggestions on keeping ChromeDriver safe.
ChromeDriver was started successfully.
Jan 30, 2022 12:43:23 PM org.openqa.selenium.remote.ProtocolHandshake createSession
INFO: Detected dialect: W3C
Jan 30, 2022 12:43:23 PM org.openqa.selenium.devtools.CdpVersionFinder findNearestMatch
WARNING: Unable to find an exact match for CDP version 97, so returning the closest version found: 96
Jan 30, 2022 12:43:23 PM org.openqa.selenium.devtools.CdpVersionFinder findNearestMatch
INFO: Found CDP implementation for version 97 of 96
]]></system-err>
  </testcase>
  <testcase name="editCoustomer" classname="com.guruBank.testCases.TC_EditCoustomer_004" time="7.079">
    <failure message="no such element: Unable to locate element: {&quot;method&quot;:&quot;css selector&quot;,&quot;selector&quot;:&quot;*[name=&apos;cusid&apos;]&quot;}&#10;  (Session info: chrome=97.0.4692.99)&#10;For documentation on this error, please visit: https://selenium.dev/exceptions/#no_such_element&#10;Build info: version: &apos;4.1.1&apos;, revision: &apos;e8fcc2cecf&apos;&#10;System info: host: &apos;DESKTOP-5GI7F6N&apos;, ip: &apos;192.168.80.1&apos;, os.name: &apos;Windows 10&apos;, os.arch: &apos;amd64&apos;, os.version: &apos;10.0&apos;, java.version: &apos;1.8.0_291&apos;&#10;Driver info: org.openqa.selenium.chrome.ChromeDriver&#10;Command: [9794189f9bacbdb78e7ea32b0e05f756, findElement {using=name, value=cusid}]&#10;Capabilities {acceptInsecureCerts: false, browserName: chrome, browserVersion: 97.0.4692.99, chrome: {chromedriverVersion: 97.0.4692.71 (adefa7837d02a..., userDataDir: C:\Windows\TEMP\scoped_dir1...}, goog:chromeOptions: {debuggerAddress: localhost:55352}, javascriptEnabled: true, networkConnectionEnabled: false, pageLoadStrategy: normal, platform: WINDOWS, platformName: WINDOWS, proxy: Proxy(), se:cdp: ws://localhost:55352/devtoo..., se:cdpVersion: 97.0.4692.99, setWindowRect: true, strictFileInteractability: false, timeouts: {implicit: 0, pageLoad: 300000, script: 30000}, unhandledPromptBehavior: dismiss and notify, webauthn:extension:credBlob: true, webauthn:extension:largeBlob: true, webauthn:virtualAuthenticators: true}&#10;Session ID: 9794189f9bacbdb78e7ea32b0e05f756" type="org.openqa.selenium.NoSuchElementException"><![CDATA[org.openqa.selenium.NoSuchElementException: 
no such element: Unable to locate element: {"method":"css selector","selector":"*[name='cusid']"}
  (Session info: chrome=97.0.4692.99)
For documentation on this error, please visit: https://selenium.dev/exceptions/#no_such_element
Build info: version: '4.1.1', revision: 'e8fcc2cecf'
System info: host: 'DESKTOP-5GI7F6N', ip: '192.168.80.1', os.name: 'Windows 10', os.arch: 'amd64', os.version: '10.0', java.version: '1.8.0_291'
Driver info: org.openqa.selenium.chrome.ChromeDriver
Command: [9794189f9bacbdb78e7ea32b0e05f756, findElement {using=name, value=cusid}]
Capabilities {acceptInsecureCerts: false, browserName: chrome, browserVersion: 97.0.4692.99, chrome: {chromedriverVersion: 97.0.4692.71 (adefa7837d02a..., userDataDir: C:\Windows\TEMP\scoped_dir1...}, goog:chromeOptions: {debuggerAddress: localhost:55352}, javascriptEnabled: true, networkConnectionEnabled: false, pageLoadStrategy: normal, platform: WINDOWS, platformName: WINDOWS, proxy: Proxy(), se:cdp: ws://localhost:55352/devtoo..., se:cdpVersion: 97.0.4692.99, setWindowRect: true, strictFileInteractability: false, timeouts: {implicit: 0, pageLoad: 300000, script: 30000}, unhandledPromptBehavior: dismiss and notify, webauthn:extension:credBlob: true, webauthn:extension:largeBlob: true, webauthn:virtualAuthenticators: true}
Session ID: 9794189f9bacbdb78e7ea32b0e05f756
	at com.guruBank.testCases.TC_EditCoustomer_004.editCoustomer(TC_EditCoustomer_004.java:33)
]]></failure>
    <system-out><![CDATA[
Login Done :)
 INFO [main] (BaseClass.java:92)- Advertisement Not Found
Try Edit customer
]]></system-out>
    <system-err><![CDATA[Starting ChromeDriver 97.0.4692.71 (adefa7837d02a07a604c1e6eff0b3a09422ab88d-refs/branch-heads/4692@{#1247}) on port 57819
Only local connections are allowed.
Please see https://chromedriver.chromium.org/security-considerations for suggestions on keeping ChromeDriver safe.
ChromeDriver was started successfully.
Jan 30, 2022 12:43:40 PM org.openqa.selenium.remote.ProtocolHandshake createSession
INFO: Detected dialect: W3C
Jan 30, 2022 12:43:40 PM org.openqa.selenium.devtools.CdpVersionFinder findNearestMatch
WARNING: Unable to find an exact match for CDP version 97, so returning the closest version found: 96
Jan 30, 2022 12:43:40 PM org.openqa.selenium.devtools.CdpVersionFinder findNearestMatch
INFO: Found CDP implementation for version 97 of 96
]]></system-err>
  </testcase>
</testsuite>