<?xml version="1.0" encoding="UTF-8"?>
<testng-results skipped="0" failed="0" ignored="0" total="1" passed="1">
  <reporter-output>
  </reporter-output>
  <suite name="BankTesting" duration-ms="40332" started-at="2022-01-27T15:57:44 BDT" finished-at="2022-01-27T15:58:24 BDT">
    <groups>
    </groups>
    <test name="Bank Application" duration-ms="40332" started-at="2022-01-27T15:57:44 BDT" finished-at="2022-01-27T15:58:24 BDT">
      <class name="com.guruBank.testCases.TC_EditCoustomer_004">
        <test-method status="PASS" signature="setup(java.lang.String)[pri:0, instance:com.guruBank.testCases.TC_EditCoustomer_004@6043cd28]" name="setup" is-config="true" duration-ms="19066" started-at="2022-01-27T15:57:44 BDT" finished-at="2022-01-27T15:58:03 BDT">
          <params>
            <param index="0">
              <value>
                <![CDATA[chrome]]>
              </value>
            </param>
          </params>
          <reporter-output>
          </reporter-output>
        </test-method> <!-- setup -->
        <test-method status="PASS" signature="editCoustomer()[pri:0, instance:com.guruBank.testCases.TC_EditCoustomer_004@6043cd28]" name="editCoustomer" duration-ms="20356" started-at="2022-01-27T15:58:03 BDT" finished-at="2022-01-27T15:58:24 BDT">
          <reporter-output>
          </reporter-output>
        </test-method> <!-- editCoustomer -->
        <test-method status="PASS" signature="tearDown()[pri:0, instance:com.guruBank.testCases.TC_EditCoustomer_004@6043cd28]" name="tearDown" is-config="true" duration-ms="661" started-at="2022-01-27T15:58:24 BDT" finished-at="2022-01-27T15:58:24 BDT">
          <reporter-output>
          </reporter-output>
        </test-method> <!-- tearDown -->
      </class> <!-- com.guruBank.testCases.TC_EditCoustomer_004 -->
    </test> <!-- Bank Application -->
  </suite> <!-- BankTesting -->
</testng-results>
