<?xml version="1.0" encoding="UTF-8"?>
<testng-results skipped="0" failed="0" ignored="0" total="1" passed="1">
  <reporter-output>
  </reporter-output>
  <suite name="BankTesting" duration-ms="25521" started-at="2022-01-30T13:27:55 BDT" finished-at="2022-01-30T13:28:21 BDT">
    <groups>
    </groups>
    <test name="Bank Application" duration-ms="25521" started-at="2022-01-30T13:27:55 BDT" finished-at="2022-01-30T13:28:21 BDT">
      <class name="com.guruBank.testCases.TC_EditCoustomer_004">
        <test-method status="PASS" signature="setup(java.lang.String)[pri:0, instance:com.guruBank.testCases.TC_EditCoustomer_004@306279ee]" name="setup" is-config="true" duration-ms="9066" started-at="2022-01-30T13:27:56 BDT" finished-at="2022-01-30T13:28:05 BDT">
          <params>
            <param index="0">
              <value>
                <![CDATA[chrome]]>
              </value>
            </param>
          </params>
          <reporter-output>
          </reporter-output>
        </test-method> <!-- setup -->
        <test-method status="PASS" signature="editCoustomer()[pri:0, instance:com.guruBank.testCases.TC_EditCoustomer_004@306279ee]" name="editCoustomer" duration-ms="15300" started-at="2022-01-30T13:28:05 BDT" finished-at="2022-01-30T13:28:20 BDT">
          <reporter-output>
          </reporter-output>
        </test-method> <!-- editCoustomer -->
        <test-method status="PASS" signature="tearDown()[pri:0, instance:com.guruBank.testCases.TC_EditCoustomer_004@306279ee]" name="tearDown" is-config="true" duration-ms="868" started-at="2022-01-30T13:28:20 BDT" finished-at="2022-01-30T13:28:21 BDT">
          <reporter-output>
          </reporter-output>
        </test-method> <!-- tearDown -->
      </class> <!-- com.guruBank.testCases.TC_EditCoustomer_004 -->
    </test> <!-- Bank Application -->
  </suite> <!-- BankTesting -->
</testng-results>
