<?xml version="1.0" encoding="UTF-8"?>
<testng-results skipped="0" failed="3" ignored="0" total="8" passed="5">
  <reporter-output>
  </reporter-output>
  <suite name="BankTesting" duration-ms="94891" started-at="2022-01-30T12:39:17 BDT" finished-at="2022-01-30T12:40:52 BDT">
    <groups>
    </groups>
    <test name="Bank Application" duration-ms="94891" started-at="2022-01-30T12:39:17 BDT" finished-at="2022-01-30T12:40:52 BDT">
      <class name="com.guruBank.testCases.TC_AddCustomer_003">
        <test-method status="PASS" signature="setup(java.lang.String)[pri:0, instance:com.guruBank.testCases.TC_AddCustomer_003@5d11346a]" name="setup" is-config="true" duration-ms="4986" started-at="2022-01-30T12:40:17 BDT" finished-at="2022-01-30T12:40:22 BDT">
          <params>
            <param index="0">
              <value>
                <![CDATA[chrome]]>
              </value>
            </param>
          </params>
          <reporter-output>
          </reporter-output>
        </test-method> <!-- setup -->
        <test-method status="PASS" signature="addNewCustomer()[pri:0, instance:com.guruBank.testCases.TC_AddCustomer_003@5d11346a]" name="addNewCustomer" duration-ms="11185" started-at="2022-01-30T12:40:22 BDT" finished-at="2022-01-30T12:40:33 BDT">
          <reporter-output>
          </reporter-output>
        </test-method> <!-- addNewCustomer -->
        <test-method status="PASS" signature="tearDown()[pri:0, instance:com.guruBank.testCases.TC_AddCustomer_003@5d11346a]" name="tearDown" is-config="true" duration-ms="813" started-at="2022-01-30T12:40:33 BDT" finished-at="2022-01-30T12:40:34 BDT">
          <reporter-output>
          </reporter-output>
        </test-method> <!-- tearDown -->
      </class> <!-- com.guruBank.testCases.TC_AddCustomer_003 -->
      <class name="com.guruBank.testCases.TC_LoginTest_001">
        <test-method status="PASS" signature="setup(java.lang.String)[pri:0, instance:com.guruBank.testCases.TC_LoginTest_001@27d415d9]" name="setup" is-config="true" duration-ms="9406" started-at="2022-01-30T12:39:18 BDT" finished-at="2022-01-30T12:39:27 BDT">
          <params>
            <param index="0">
              <value>
                <![CDATA[chrome]]>
              </value>
            </param>
          </params>
          <reporter-output>
          </reporter-output>
        </test-method> <!-- setup -->
        <test-method status="PASS" signature="loginTest()[pri:0, instance:com.guruBank.testCases.TC_LoginTest_001@27d415d9]" name="loginTest" duration-ms="2778" started-at="2022-01-30T12:39:27 BDT" finished-at="2022-01-30T12:39:30 BDT">
          <reporter-output>
          </reporter-output>
        </test-method> <!-- loginTest -->
        <test-method status="PASS" signature="tearDown()[pri:0, instance:com.guruBank.testCases.TC_LoginTest_001@27d415d9]" name="tearDown" is-config="true" duration-ms="709" started-at="2022-01-30T12:39:30 BDT" finished-at="2022-01-30T12:39:31 BDT">
          <reporter-output>
          </reporter-output>
        </test-method> <!-- tearDown -->
      </class> <!-- com.guruBank.testCases.TC_LoginTest_001 -->
      <class name="com.guruBank.testCases.TC_LoginTest_002_UsingExcel">
        <test-method status="PASS" signature="setup(java.lang.String)[pri:0, instance:com.guruBank.testCases.TC_LoginTest_002_UsingExcel@2fd66ad3]" name="setup" is-config="true" duration-ms="5875" started-at="2022-01-30T12:39:31 BDT" finished-at="2022-01-30T12:39:36 BDT">
          <params>
            <param index="0">
              <value>
                <![CDATA[chrome]]>
              </value>
            </param>
          </params>
          <reporter-output>
          </reporter-output>
        </test-method> <!-- setup -->
        <test-method status="FAIL" signature="loginDDT(java.lang.String,java.lang.String)[pri:0, instance:com.guruBank.testCases.TC_LoginTest_002_UsingExcel@2fd66ad3]" name="loginDDT" duration-ms="6820" started-at="2022-01-30T12:39:39 BDT" data-provider="LoginData" finished-at="2022-01-30T12:39:45 BDT">
          <params>
            <param index="0">
              <value>
                <![CDATA[mngr38261a]]>
              </value>
            </param>
            <param index="1">
              <value>
                <![CDATA[evaneza]]>
              </value>
            </param>
          </params>
          <exception class="java.lang.AssertionError">
            <full-stacktrace>
              <![CDATA[java.lang.AssertionError
at org.junit.Assert.fail(Assert.java:87)
at org.junit.Assert.assertTrue(Assert.java:42)
at org.junit.Assert.assertTrue(Assert.java:53)
at com.guruBank.testCases.TC_LoginTest_002_UsingExcel.loginDDT(TC_LoginTest_002_UsingExcel.java:36)
at sun.reflect.NativeMethodAccessorImpl.invoke0(Native Method)
at sun.reflect.NativeMethodAccessorImpl.invoke(NativeMethodAccessorImpl.java:62)
at sun.reflect.DelegatingMethodAccessorImpl.invoke(DelegatingMethodAccessorImpl.java:43)
at java.lang.reflect.Method.invoke(Method.java:498)
at org.testng.internal.MethodInvocationHelper.invokeMethod(MethodInvocationHelper.java:133)
at org.testng.internal.TestInvoker.invokeMethod(TestInvoker.java:598)
at org.testng.internal.TestInvoker.invokeTestMethod(TestInvoker.java:173)
at org.testng.internal.MethodRunner.runInSequence(MethodRunner.java:46)
at org.testng.internal.TestInvoker$MethodInvocationAgent.invoke(TestInvoker.java:824)
at org.testng.internal.TestInvoker.invokeTestMethods(TestInvoker.java:146)
at org.testng.internal.TestMethodWorker.invokeTestMethods(TestMethodWorker.java:146)
at org.testng.internal.TestMethodWorker.run(TestMethodWorker.java:128)
at java.util.ArrayList.forEach(ArrayList.java:1259)
at org.testng.TestRunner.privateRun(TestRunner.java:794)
at org.testng.TestRunner.run(TestRunner.java:596)
at org.testng.SuiteRunner.runTest(SuiteRunner.java:377)
at org.testng.SuiteRunner.runSequentially(SuiteRunner.java:371)
at org.testng.SuiteRunner.privateRun(SuiteRunner.java:332)
at org.testng.SuiteRunner.run(SuiteRunner.java:276)
at org.testng.SuiteRunnerWorker.runSuite(SuiteRunnerWorker.java:53)
at org.testng.SuiteRunnerWorker.run(SuiteRunnerWorker.java:96)
at org.testng.TestNG.runSuitesSequentially(TestNG.java:1212)
at org.testng.TestNG.runSuitesLocally(TestNG.java:1134)
at org.testng.TestNG.runSuites(TestNG.java:1063)
at org.testng.TestNG.run(TestNG.java:1031)
at org.testng.remote.AbstractRemoteTestNG.run(AbstractRemoteTestNG.java:115)
at org.testng.remote.RemoteTestNG.initAndRun(RemoteTestNG.java:251)
at org.testng.remote.RemoteTestNG.main(RemoteTestNG.java:77)
]]>
            </full-stacktrace>
          </exception> <!-- java.lang.AssertionError -->
          <reporter-output>
          </reporter-output>
        </test-method> <!-- loginDDT -->
        <test-method status="PASS" signature="loginDDT(java.lang.String,java.lang.String)[pri:0, instance:com.guruBank.testCases.TC_LoginTest_002_UsingExcel@2fd66ad3]" name="loginDDT" duration-ms="10319" started-at="2022-01-30T12:39:45 BDT" data-provider="LoginData" finished-at="2022-01-30T12:39:56 BDT">
          <params>
            <param index="0">
              <value>
                <![CDATA[mngr381950]]>
              </value>
            </param>
            <param index="1">
              <value>
                <![CDATA[AqAqyhE]]>
              </value>
            </param>
          </params>
          <reporter-output>
          </reporter-output>
        </test-method> <!-- loginDDT -->
        <test-method status="FAIL" signature="loginDDT(java.lang.String,java.lang.String)[pri:0, instance:com.guruBank.testCases.TC_LoginTest_002_UsingExcel@2fd66ad3]" name="loginDDT" duration-ms="5577" started-at="2022-01-30T12:39:56 BDT" data-provider="LoginData" finished-at="2022-01-30T12:40:01 BDT">
          <params>
            <param index="0">
              <value>
                <![CDATA[mngr38195a]]>
              </value>
            </param>
            <param index="1">
              <value>
                <![CDATA[AqAqyhE]]>
              </value>
            </param>
          </params>
          <exception class="java.lang.AssertionError">
            <full-stacktrace>
              <![CDATA[java.lang.AssertionError
at org.junit.Assert.fail(Assert.java:87)
at org.junit.Assert.assertTrue(Assert.java:42)
at org.junit.Assert.assertTrue(Assert.java:53)
at com.guruBank.testCases.TC_LoginTest_002_UsingExcel.loginDDT(TC_LoginTest_002_UsingExcel.java:36)
at sun.reflect.NativeMethodAccessorImpl.invoke0(Native Method)
at sun.reflect.NativeMethodAccessorImpl.invoke(NativeMethodAccessorImpl.java:62)
at sun.reflect.DelegatingMethodAccessorImpl.invoke(DelegatingMethodAccessorImpl.java:43)
at java.lang.reflect.Method.invoke(Method.java:498)
at org.testng.internal.MethodInvocationHelper.invokeMethod(MethodInvocationHelper.java:133)
at org.testng.internal.TestInvoker.invokeMethod(TestInvoker.java:598)
at org.testng.internal.TestInvoker.invokeTestMethod(TestInvoker.java:173)
at org.testng.internal.MethodRunner.runInSequence(MethodRunner.java:46)
at org.testng.internal.TestInvoker$MethodInvocationAgent.invoke(TestInvoker.java:824)
at org.testng.internal.TestInvoker.invokeTestMethods(TestInvoker.java:146)
at org.testng.internal.TestMethodWorker.invokeTestMethods(TestMethodWorker.java:146)
at org.testng.internal.TestMethodWorker.run(TestMethodWorker.java:128)
at java.util.ArrayList.forEach(ArrayList.java:1259)
at org.testng.TestRunner.privateRun(TestRunner.java:794)
at org.testng.TestRunner.run(TestRunner.java:596)
at org.testng.SuiteRunner.runTest(SuiteRunner.java:377)
at org.testng.SuiteRunner.runSequentially(SuiteRunner.java:371)
at org.testng.SuiteRunner.privateRun(SuiteRunner.java:332)
at org.testng.SuiteRunner.run(SuiteRunner.java:276)
at org.testng.SuiteRunnerWorker.runSuite(SuiteRunnerWorker.java:53)
at org.testng.SuiteRunnerWorker.run(SuiteRunnerWorker.java:96)
at org.testng.TestNG.runSuitesSequentially(TestNG.java:1212)
at org.testng.TestNG.runSuitesLocally(TestNG.java:1134)
at org.testng.TestNG.runSuites(TestNG.java:1063)
at org.testng.TestNG.run(TestNG.java:1031)
at org.testng.remote.AbstractRemoteTestNG.run(AbstractRemoteTestNG.java:115)
at org.testng.remote.RemoteTestNG.initAndRun(RemoteTestNG.java:251)
at org.testng.remote.RemoteTestNG.main(RemoteTestNG.java:77)
]]>
            </full-stacktrace>
          </exception> <!-- java.lang.AssertionError -->
          <reporter-output>
          </reporter-output>
        </test-method> <!-- loginDDT -->
        <test-method status="FAIL" signature="loginDDT(java.lang.String,java.lang.String)[pri:0, instance:com.guruBank.testCases.TC_LoginTest_002_UsingExcel@2fd66ad3]" name="loginDDT" duration-ms="5087" started-at="2022-01-30T12:40:01 BDT" data-provider="LoginData" finished-at="2022-01-30T12:40:06 BDT">
          <params>
            <param index="0">
              <value>
                <![CDATA[mngr381950]]>
              </value>
            </param>
            <param index="1">
              <value>
                <![CDATA[AqAqyh1]]>
              </value>
            </param>
          </params>
          <exception class="java.lang.AssertionError">
            <full-stacktrace>
              <![CDATA[java.lang.AssertionError
at org.junit.Assert.fail(Assert.java:87)
at org.junit.Assert.assertTrue(Assert.java:42)
at org.junit.Assert.assertTrue(Assert.java:53)
at com.guruBank.testCases.TC_LoginTest_002_UsingExcel.loginDDT(TC_LoginTest_002_UsingExcel.java:36)
at sun.reflect.NativeMethodAccessorImpl.invoke0(Native Method)
at sun.reflect.NativeMethodAccessorImpl.invoke(NativeMethodAccessorImpl.java:62)
at sun.reflect.DelegatingMethodAccessorImpl.invoke(DelegatingMethodAccessorImpl.java:43)
at java.lang.reflect.Method.invoke(Method.java:498)
at org.testng.internal.MethodInvocationHelper.invokeMethod(MethodInvocationHelper.java:133)
at org.testng.internal.TestInvoker.invokeMethod(TestInvoker.java:598)
at org.testng.internal.TestInvoker.invokeTestMethod(TestInvoker.java:173)
at org.testng.internal.MethodRunner.runInSequence(MethodRunner.java:46)
at org.testng.internal.TestInvoker$MethodInvocationAgent.invoke(TestInvoker.java:824)
at org.testng.internal.TestInvoker.invokeTestMethods(TestInvoker.java:146)
at org.testng.internal.TestMethodWorker.invokeTestMethods(TestMethodWorker.java:146)
at org.testng.internal.TestMethodWorker.run(TestMethodWorker.java:128)
at java.util.ArrayList.forEach(ArrayList.java:1259)
at org.testng.TestRunner.privateRun(TestRunner.java:794)
at org.testng.TestRunner.run(TestRunner.java:596)
at org.testng.SuiteRunner.runTest(SuiteRunner.java:377)
at org.testng.SuiteRunner.runSequentially(SuiteRunner.java:371)
at org.testng.SuiteRunner.privateRun(SuiteRunner.java:332)
at org.testng.SuiteRunner.run(SuiteRunner.java:276)
at org.testng.SuiteRunnerWorker.runSuite(SuiteRunnerWorker.java:53)
at org.testng.SuiteRunnerWorker.run(SuiteRunnerWorker.java:96)
at org.testng.TestNG.runSuitesSequentially(TestNG.java:1212)
at org.testng.TestNG.runSuitesLocally(TestNG.java:1134)
at org.testng.TestNG.runSuites(TestNG.java:1063)
at org.testng.TestNG.run(TestNG.java:1031)
at org.testng.remote.AbstractRemoteTestNG.run(AbstractRemoteTestNG.java:115)
at org.testng.remote.RemoteTestNG.initAndRun(RemoteTestNG.java:251)
at org.testng.remote.RemoteTestNG.main(RemoteTestNG.java:77)
]]>
            </full-stacktrace>
          </exception> <!-- java.lang.AssertionError -->
          <reporter-output>
          </reporter-output>
        </test-method> <!-- loginDDT -->
        <test-method status="PASS" signature="loginDDT(java.lang.String,java.lang.String)[pri:0, instance:com.guruBank.testCases.TC_LoginTest_002_UsingExcel@2fd66ad3]" name="loginDDT" duration-ms="10203" started-at="2022-01-30T12:40:06 BDT" data-provider="LoginData" finished-at="2022-01-30T12:40:17 BDT">
          <params>
            <param index="0">
              <value>
                <![CDATA[mngr382612]]>
              </value>
            </param>
            <param index="1">
              <value>
                <![CDATA[bebAsUr]]>
              </value>
            </param>
          </params>
          <reporter-output>
          </reporter-output>
        </test-method> <!-- loginDDT -->
        <test-method status="PASS" signature="tearDown()[pri:0, instance:com.guruBank.testCases.TC_LoginTest_002_UsingExcel@2fd66ad3]" name="tearDown" is-config="true" duration-ms="758" started-at="2022-01-30T12:40:17 BDT" finished-at="2022-01-30T12:40:17 BDT">
          <reporter-output>
          </reporter-output>
        </test-method> <!-- tearDown -->
      </class> <!-- com.guruBank.testCases.TC_LoginTest_002_UsingExcel -->
      <class name="com.guruBank.testCases.TC_EditCoustomer_004">
        <test-method status="PASS" signature="setup(java.lang.String)[pri:0, instance:com.guruBank.testCases.TC_EditCoustomer_004@7a36aefa]" name="setup" is-config="true" duration-ms="5938" started-at="2022-01-30T12:40:34 BDT" finished-at="2022-01-30T12:40:40 BDT">
          <params>
            <param index="0">
              <value>
                <![CDATA[chrome]]>
              </value>
            </param>
          </params>
          <reporter-output>
          </reporter-output>
        </test-method> <!-- setup -->
        <test-method status="PASS" signature="editCoustomer()[pri:0, instance:com.guruBank.testCases.TC_EditCoustomer_004@7a36aefa]" name="editCoustomer" duration-ms="11350" started-at="2022-01-30T12:40:40 BDT" finished-at="2022-01-30T12:40:52 BDT">
          <reporter-output>
          </reporter-output>
        </test-method> <!-- editCoustomer -->
        <test-method status="PASS" signature="tearDown()[pri:0, instance:com.guruBank.testCases.TC_EditCoustomer_004@7a36aefa]" name="tearDown" is-config="true" duration-ms="707" started-at="2022-01-30T12:40:52 BDT" finished-at="2022-01-30T12:40:52 BDT">
          <reporter-output>
          </reporter-output>
        </test-method> <!-- tearDown -->
      </class> <!-- com.guruBank.testCases.TC_EditCoustomer_004 -->
    </test> <!-- Bank Application -->
  </suite> <!-- BankTesting -->
</testng-results>
